<?xml version="1.0" encoding="UTF-8"?>
<!-- Generated by org.testng.reporters.JUnitReportReporter -->
<testsuite skipped="0" hostname="DESKTOP-QIFEVD6" name="Runner.TestRunner" tests="1" failures="0" timestamp="06 Mar 2021 09:03:04 GMT" time="127.348" errors="0">
  <testcase name="feature" time="127.348" classname="Runner.TestRunner"/>
</testsuite> <!-- Runner.TestRunner -->
