<?xml version="1.0" encoding="UTF-8"?>
<!-- Generated by org.testng.reporters.JUnitReportReporter -->
<testsuite skipped="0" hostname="DESKTOP-QIFEVD6" name="Runner.TestRunner" tests="1" failures="0" timestamp="07 Mar 2021 02:49:32 GMT" time="17.777" errors="0">
  <testcase name="feature" time="17.777" classname="Runner.TestRunner"/>
</testsuite> <!-- Runner.TestRunner -->
